<?xml version="1.0" encoding="UTF-8"?>
<!-- Generated by org.testng.reporters.JUnitReportReporter -->
<testsuite skipped="0" hostname="DV6-HP" name="SignInTest" tests="1" failures="0" timestamp="29 Dec 2018 06:46:52 GMT" time="34.776" errors="0">
  <testcase name="shouldThrowAnErrorIfSignInDetailsAreMissing" time="34.776" classname="SignInTest"/>
</testsuite> <!-- SignInTest -->
