<?xml version="1.0" encoding="UTF-8"?>
<!-- Generated by org.testng.reporters.JUnitReportReporter -->
<testsuite skipped="0" hostname="DV6-HP" name="FlightBookingTest" tests="1" failures="0" timestamp="27 Dec 2018 19:06:23 GMT" time="37.132" errors="0">
  <testcase name="testThatResultsAppearForAOneWayJourney" time="37.132" classname="FlightBookingTest"/>
</testsuite> <!-- FlightBookingTest -->
