<?xml version="1.0" encoding="UTF-8"?>
<!-- Generated by org.testng.reporters.JUnitReportReporter -->
<testsuite skipped="0" hostname="DV6-HP" name="testcases.SignInTest" tests="1" failures="0" timestamp="29 Dec 2018 11:57:30 GMT" time="23.458" errors="0">
  <testcase name="shouldThrowAnErrorIfSignInDetailsAreMissing" time="23.458" classname="testcases.SignInTest"/>
</testsuite> <!-- testcases.SignInTest -->
