<?xml version="1.0" encoding="UTF-8"?>
<!-- Generated by org.testng.reporters.JUnitReportReporter -->
<testsuite skipped="0" hostname="DV6-HP" name="HotelBookingTest" tests="1" failures="0" timestamp="27 Dec 2018 18:50:58 GMT" time="40.919" errors="0">
  <testcase name="shouldBeAbleToSearchForHotels" time="40.919" classname="HotelBookingTest"/>
</testsuite> <!-- HotelBookingTest -->
