<?xml version="1.0" encoding="UTF-8"?>
<!-- Generated by org.testng.reporters.JUnitReportReporter -->
<testsuite skipped="0" hostname="DV6-HP" name="FlightBookingTest" tests="1" failures="0" timestamp="29 Dec 2018 07:52:45 GMT" time="43.525" errors="0">
  <testcase name="testThatResultsAppearForAOneWayJourney" time="43.525" classname="FlightBookingTest"/>
</testsuite> <!-- FlightBookingTest -->
