<?xml version="1.0" encoding="UTF-8"?>
<!-- Generated by org.testng.reporters.JUnitReportReporter -->
<testsuite skipped="0" hostname="DV6-HP" name="testcases.HotelBookingTest" tests="1" failures="0" timestamp="29 Dec 2018 11:57:29 GMT" time="29.724" errors="0">
  <testcase name="shouldBeAbleToSearchForHotels" time="29.724" classname="testcases.HotelBookingTest"/>
</testsuite> <!-- testcases.HotelBookingTest -->
