<?xml version="1.0" encoding="UTF-8"?>
<!-- Generated by org.testng.reporters.JUnitReportReporter -->
<testsuite skipped="0" hostname="DV6-HP" name="HotelBookingTest" tests="1" failures="0" timestamp="28 Dec 2018 04:02:30 GMT" time="47.215" errors="0">
  <testcase name="shouldBeAbleToSearchForHotels" time="47.215" classname="HotelBookingTest"/>
</testsuite> <!-- HotelBookingTest -->
