<?xml version="1.0" encoding="UTF-8"?>
<!-- Generated by org.testng.reporters.JUnitReportReporter -->
<testsuite skipped="0" hostname="DV6-HP" name="SignInTest" tests="1" failures="0" timestamp="27 Dec 2018 05:09:29 GMT" time="21.893" errors="0">
  <testcase name="shouldThrowAnErrorIfSignInDetailsAreMissing" time="21.893" classname="SignInTest"/>
</testsuite> <!-- SignInTest -->
