<?xml version="1.0" encoding="UTF-8"?>
<!-- Generated by org.testng.reporters.JUnitReportReporter -->
<testsuite skipped="0" hostname="DV6-HP" name="FlightBookingTest" tests="1" failures="0" timestamp="27 Dec 2018 16:53:15 GMT" time="42.256" errors="0">
  <testcase name="testThatResultsAppearForAOneWayJourney" time="42.256" classname="FlightBookingTest"/>
</testsuite> <!-- FlightBookingTest -->
