<?xml version="1.0" encoding="UTF-8"?>
<!-- Generated by org.testng.reporters.JUnitReportReporter -->
<testsuite skipped="0" hostname="DV6-HP" name="HotelBookingTest" tests="1" failures="0" timestamp="29 Dec 2018 06:11:32 GMT" time="32.551" errors="0">
  <testcase name="shouldBeAbleToSearchForHotels" time="32.551" classname="HotelBookingTest"/>
</testsuite> <!-- HotelBookingTest -->
