<?xml version="1.0" encoding="UTF-8"?>
<!-- Generated by org.testng.reporters.JUnitReportReporter -->
<testsuite skipped="0" hostname="DV6-HP" name="FlightBookingTest" tests="1" failures="0" timestamp="28 Dec 2018 03:41:33 GMT" time="31.681" errors="0">
  <testcase name="testThatResultsAppearForAOneWayJourney" time="31.681" classname="FlightBookingTest"/>
</testsuite> <!-- FlightBookingTest -->
