<?xml version="1.0" encoding="UTF-8"?>
<!-- Generated by org.testng.reporters.JUnitReportReporter -->
<testsuite skipped="0" hostname="DV6-HP" name="testcases.FlightBookingTest" tests="1" failures="0" timestamp="29 Dec 2018 13:06:11 GMT" time="25.281" errors="0">
  <testcase name="testThatResultsAppearForAOneWayJourney" time="25.281" classname="testcases.FlightBookingTest"/>
</testsuite> <!-- testcases.FlightBookingTest -->
